<?xml version="1.0" encoding="UTF-8"?>
<testng-results ignored="0" total="1" passed="1" failed="0" skipped="0">
  <reporter-output>
  </reporter-output>
  <suite started-at="2022-10-12T14:57:30 IST" name="Default suite" finished-at="2022-10-12T14:57:59 IST" duration-ms="29428">
    <groups>
    </groups>
    <test started-at="2022-10-12T14:57:30 IST" name="Default test" finished-at="2022-10-12T14:57:59 IST" duration-ms="29428">
      <class name="com.demo.E_commerce.test">
        <test-method is-config="true" signature="beforeMethod()[pri:0, instance:com.demo.E_commerce.test@10d68fcd]" started-at="2022-10-12T14:57:30 IST" name="beforeMethod" finished-at="2022-10-12T14:57:36 IST" duration-ms="6591" status="PASS">
          <reporter-output>
          </reporter-output>
        </test-method> <!-- beforeMethod -->
        <test-method signature="flipkart()[pri:0, instance:com.demo.E_commerce.test@10d68fcd]" started-at="2022-10-12T14:57:36 IST" name="flipkart" finished-at="2022-10-12T14:57:59 IST" duration-ms="22778" status="PASS">
          <reporter-output>
          </reporter-output>
        </test-method> <!-- flipkart -->
        <test-method is-config="true" signature="afterMethod()[pri:0, instance:com.demo.E_commerce.test@10d68fcd]" started-at="2022-10-12T14:57:59 IST" name="afterMethod" finished-at="2022-10-12T14:57:59 IST" duration-ms="1" status="PASS">
          <reporter-output>
          </reporter-output>
        </test-method> <!-- afterMethod -->
      </class> <!-- com.demo.E_commerce.test -->
    </test> <!-- Default test -->
  </suite> <!-- Default suite -->
</testng-results>
