<?xml version="1.0" encoding="UTF-8"?>
<testng-results ignored="0" total="2" passed="2" failed="0" skipped="0">
  <reporter-output>
  </reporter-output>
  <suite started-at="2022-10-03T19:04:20 IST" name="Default suite" finished-at="2022-10-03T19:04:27 IST" duration-ms="6660">
    <groups>
      <group name="Chrome">
        <method signature="FacebookLogin.launchChrome()[pri:0, instance:com.testing.FacebookLogin@399f45b1]" name="launchChrome" class="com.testing.FacebookLogin"/>
        <method signature="FacebookLogin.loginWithChrome()[pri:0, instance:com.testing.FacebookLogin@399f45b1]" name="loginWithChrome" class="com.testing.FacebookLogin"/>
      </group> <!-- Chrome -->
    </groups>
    <test started-at="2022-10-03T19:04:20 IST" name="Default test" finished-at="2022-10-03T19:04:27 IST" duration-ms="6660">
      <class name="com.testing.FacebookLogin">
        <test-method signature="launchChrome()[pri:0, instance:com.testing.FacebookLogin@399f45b1]" started-at="2022-10-03T19:04:20 IST" name="launchChrome" finished-at="2022-10-03T19:04:26 IST" duration-ms="6391" status="PASS">
          <reporter-output>
          </reporter-output>
        </test-method> <!-- launchChrome -->
        <test-method signature="loginWithChrome()[pri:0, instance:com.testing.FacebookLogin@399f45b1]" started-at="2022-10-03T19:04:26 IST" name="loginWithChrome" finished-at="2022-10-03T19:04:27 IST" depends-on-methods="com.testing.FacebookLogin.launchChrome" duration-ms="218" status="PASS">
          <reporter-output>
          </reporter-output>
        </test-method> <!-- loginWithChrome -->
      </class> <!-- com.testing.FacebookLogin -->
    </test> <!-- Default test -->
  </suite> <!-- Default suite -->
</testng-results>
